2022.03.23 15:47:46 INFO  tracing is disabled for protocol LSP, to enable tracing of incoming and outgoing JSON messages create an empty file at /Users/tuanhungnguyen/Sites/localhost/LangageWeb/.metals/lsp.trace.json or /Users/tuanhungnguyen/Library/Caches/org.scalameta.metals/lsp.trace.json
2022.03.23 15:47:47 INFO  logging to file /Users/tuanhungnguyen/Sites/localhost/LangageWeb/.metals/metals.log
2022.03.23 15:47:47 INFO  Started: Metals version 0.11.2 in workspace '/Users/tuanhungnguyen/Sites/localhost/LangageWeb' for client Visual Studio Code 1.65.2.
2022.03.23 15:47:47 INFO  Parse release: 11.0.14
2022.03.23 15:47:54 INFO  time: initialize in 6.99s
2022.03.23 15:47:55 WARN  Build server is not auto-connectable.
2022.03.23 15:47:55 WARN  no build tool detected in workspace '/Users/tuanhungnguyen/Sites/localhost/LangageWeb'. The most common cause for this problem is that the editor was opened in the wrong working directory, for example if you use sbt then the workspace directory should contain build.sbt. 
2022.03.23 15:47:59 WARN  no build target for: /Users/tuanhungnguyen/Desktop/Hung/Etude/Master P8/2021-2022_M1/Integration de donnees/Cours 2 - Big Data/TP2/tp1.scala
Mar 23, 2022 3:48:00 PM org.eclipse.lsp4j.jsonrpc.RemoteEndpoint fallbackResponseError
SEVERE: Internal error: java.lang.IllegalArgumentException: Illegal character in path at index 54: file:///Users/tuanhungnguyen/Desktop/Hung/Etude/Master P8/2021-2022_M1/Integration de donnees/Cours 2 - Big Data/TP2/tp1.scala
java.util.concurrent.CompletionException: java.lang.IllegalArgumentException: Illegal character in path at index 54: file:///Users/tuanhungnguyen/Desktop/Hung/Etude/Master P8/2021-2022_M1/Integration de donnees/Cours 2 - Big Data/TP2/tp1.scala
	at java.base/java.util.concurrent.CompletableFuture.encodeThrowable(CompletableFuture.java:331)
	at java.base/java.util.concurrent.CompletableFuture.completeThrowable(CompletableFuture.java:346)
	at java.base/java.util.concurrent.CompletableFuture$UniAccept.tryFire(CompletableFuture.java:704)
	at java.base/java.util.concurrent.CompletableFuture.postComplete(CompletableFuture.java:506)
	at java.base/java.util.concurrent.CompletableFuture.completeExceptionally(CompletableFuture.java:2088)
	at scala.meta.internal.metals.CancelTokens$.$anonfun$future$1(CancelTokens.scala:40)
	at scala.meta.internal.metals.CancelTokens$.$anonfun$future$1$adapted(CancelTokens.scala:38)
	at scala.concurrent.impl.CallbackRunnable.run(Promise.scala:64)
	at java.base/java.util.concurrent.ThreadPoolExecutor.runWorker(ThreadPoolExecutor.java:1128)
	at java.base/java.util.concurrent.ThreadPoolExecutor$Worker.run(ThreadPoolExecutor.java:628)
	at java.base/java.lang.Thread.run(Thread.java:834)
Caused by: java.lang.IllegalArgumentException: Illegal character in path at index 54: file:///Users/tuanhungnguyen/Desktop/Hung/Etude/Master P8/2021-2022_M1/Integration de donnees/Cours 2 - Big Data/TP2/tp1.scala
	at java.base/java.net.URI.create(URI.java:883)
	at scala.meta.internal.mtags.MtagsEnrichments$XtensionStringMtags.toAbsolutePath(MtagsEnrichments.scala:103)
	at scala.meta.internal.mtags.MtagsEnrichments$XtensionStringMtags.toAbsolutePath(MtagsEnrichments.scala:99)
	at scala.meta.internal.parsing.Trees.tokenized(Trees.scala:112)
	at scala.meta.internal.parsing.TokenEditDistance$.apply(TokenEditDistance.scala:383)
	at scala.meta.internal.metals.Diagnostics.publishDiagnostics(Diagnostics.scala:195)
	at scala.meta.internal.metals.Diagnostics.publishDiagnostics(Diagnostics.scala:164)
	at scala.meta.internal.metals.Diagnostics.onSyntaxError(Diagnostics.scala:85)
	at scala.meta.internal.metals.MetalsLanguageServer.$anonfun$parseTreesAndPublishDiags$2(MetalsLanguageServer.scala:292)
	at scala.runtime.java8.JFunction0$mcV$sp.apply(JFunction0$mcV$sp.java:23)
	at scala.concurrent.Future$.$anonfun$apply$1(Future.scala:659)
	at scala.util.Success.$anonfun$map$1(Try.scala:255)
	at scala.util.Success.map(Try.scala:213)
	at scala.concurrent.Future.$anonfun$map$1(Future.scala:292)
	at scala.concurrent.impl.Promise.liftedTree1$1(Promise.scala:33)
	at scala.concurrent.impl.Promise.$anonfun$transform$1(Promise.scala:33)
	... 4 more
Caused by: java.net.URISyntaxException: Illegal character in path at index 54: file:///Users/tuanhungnguyen/Desktop/Hung/Etude/Master P8/2021-2022_M1/Integration de donnees/Cours 2 - Big Data/TP2/tp1.scala
	at java.base/java.net.URI$Parser.fail(URI.java:2913)
	at java.base/java.net.URI$Parser.checkChars(URI.java:3084)
	at java.base/java.net.URI$Parser.parseHierarchical(URI.java:3166)
	at java.base/java.net.URI$Parser.parse(URI.java:3114)
	at java.base/java.net.URI.<init>(URI.java:600)
	at java.base/java.net.URI.create(URI.java:881)
	... 19 more

